<?xml version="1.0" encoding="UTF-8"?>
<testng-results ignored="0" total="1" passed="1" failed="0" skipped="0">
  <reporter-output>
  </reporter-output>
  <suite started-at="2024-01-31T22:08:16 IST" name="Default suite" finished-at="2024-01-31T22:08:20 IST" duration-ms="4308">
    <groups>
    </groups>
    <test started-at="2024-01-31T22:08:16 IST" name="Default test" finished-at="2024-01-31T22:08:20 IST" duration-ms="4308">
      <class name="restassured.testng.sample.GetMethod">
        <test-method signature="getMethod()[pri:0, instance:restassured.testng.sample.GetMethod@2b48a640]" started-at="2024-01-31T22:08:16 IST" name="getMethod" finished-at="2024-01-31T22:08:20 IST" duration-ms="4235" status="PASS">
          <reporter-output>
          </reporter-output>
        </test-method> <!-- getMethod -->
      </class> <!-- restassured.testng.sample.GetMethod -->
    </test> <!-- Default test -->
  </suite> <!-- Default suite -->
</testng-results>
