<?xml version="1.0" encoding="UTF-8"?>
<testng-results skipped="0" failed="1" ignored="0" total="4" passed="3">
  <reporter-output>
  </reporter-output>
  <suite name="Surefire suite" duration-ms="118931" started-at="2022-03-25T13:29:22 IST" finished-at="2022-03-25T13:31:21 IST">
    <groups>
      <group name="cucumber">
        <method signature="AbstractTestNGCucumberTests.runScenario(io.cucumber.testng.PickleWrapper,io.cucumber.testng.FeatureWrapper)[pri:0, instance:runners.Runner_test@bd8db5a]" name="runScenario" class="io.cucumber.testng.AbstractTestNGCucumberTests"/>
      </group> <!-- cucumber -->
    </groups>
    <test name="Surefire test" duration-ms="118931" started-at="2022-03-25T13:29:22 IST" finished-at="2022-03-25T13:31:21 IST">
      <class name="runners.Runner_test">
        <test-method status="PASS" signature="setUpClass(org.testng.ITestContext)[pri:0, instance:runners.Runner_test@bd8db5a]" name="setUpClass" is-config="true" duration-ms="974" started-at="2022-03-25T13:29:22 IST" finished-at="2022-03-25T13:29:23 IST">
          <params>
            <param index="0">
              <value>
                <![CDATA[org.testng.TestRunner@1886991b]]>
              </value>
            </param>
          </params>
          <reporter-output>
          </reporter-output>
        </test-method> <!-- setUpClass -->
        <test-method status="PASS" signature="runScenario(io.cucumber.testng.PickleWrapper,io.cucumber.testng.FeatureWrapper)[pri:0, instance:runners.Runner_test@bd8db5a]" name="runScenario" duration-ms="16922" started-at="2022-03-25T13:29:23 IST" description="Runs Cucumber Scenarios" data-provider="scenarios" finished-at="2022-03-25T13:29:40 IST">
          <params>
            <param index="0">
              <value>
                <![CDATA["Validate Google Seach"]]>
              </value>
            </param>
            <param index="1">
              <value>
                <![CDATA["Optional[Google search validate]"]]>
              </value>
            </param>
          </params>
          <reporter-output>
          </reporter-output>
        </test-method> <!-- runScenario -->
        <test-method status="PASS" signature="runScenario(io.cucumber.testng.PickleWrapper,io.cucumber.testng.FeatureWrapper)[pri:0, instance:runners.Runner_test@bd8db5a]" name="runScenario" duration-ms="16143" started-at="2022-03-25T13:29:40 IST" description="Runs Cucumber Scenarios" data-provider="scenarios" finished-at="2022-03-25T13:29:56 IST">
          <params>
            <param index="0">
              <value>
                <![CDATA["Validate Google Seach with multiple data"]]>
              </value>
            </param>
            <param index="1">
              <value>
                <![CDATA["Optional[Google search validate]"]]>
              </value>
            </param>
          </params>
          <reporter-output>
          </reporter-output>
        </test-method> <!-- runScenario -->
        <test-method status="PASS" signature="runScenario(io.cucumber.testng.PickleWrapper,io.cucumber.testng.FeatureWrapper)[pri:0, instance:runners.Runner_test@bd8db5a]" name="runScenario" duration-ms="12897" started-at="2022-03-25T13:29:56 IST" description="Runs Cucumber Scenarios" data-provider="scenarios" finished-at="2022-03-25T13:30:09 IST">
          <params>
            <param index="0">
              <value>
                <![CDATA["Validate Google Seach with multiple data"]]>
              </value>
            </param>
            <param index="1">
              <value>
                <![CDATA["Optional[Google search validate]"]]>
              </value>
            </param>
          </params>
          <reporter-output>
          </reporter-output>
        </test-method> <!-- runScenario -->
        <test-method status="FAIL" signature="runScenario(io.cucumber.testng.PickleWrapper,io.cucumber.testng.FeatureWrapper)[pri:0, instance:runners.Runner_test@bd8db5a]" name="runScenario" duration-ms="70370" started-at="2022-03-25T13:30:09 IST" description="Runs Cucumber Scenarios" data-provider="scenarios" finished-at="2022-03-25T13:31:20 IST">
          <params>
            <param index="0">
              <value>
                <![CDATA["Validate Google Seach Fail"]]>
              </value>
            </param>
            <param index="1">
              <value>
                <![CDATA["Optional[Google search validate]"]]>
              </value>
            </param>
          </params>
          <exception class="org.openqa.selenium.NoSuchElementException">
            <message>
              <![CDATA[no such element: Unable to locate element: {"method":"xpath","selector":"//h3[text()='Gmail Google']"}
  (Session info: chrome=99.0.4844.82)
For documentation on this error, please visit: https://selenium.dev/exceptions/#no_such_element
Build info: version: '4.1.1', revision: 'e8fcc2cecf'
System info: host: 'LAPTOP-OITPML0G', ip: '192.168.42.46', os.name: 'Windows 10', os.arch: 'amd64', os.version: '10.0', java.version: '1.8.0_301'
Driver info: org.openqa.selenium.chrome.ChromeDriver
Command: [5871766a465bddec4024511e5fa2ea59, findElement {using=xpath, value=//h3[text()='Gmail Google']}]
Capabilities {acceptInsecureCerts: false, browserName: chrome, browserVersion: 99.0.4844.82, chrome: {chromedriverVersion: 99.0.4844.51 (d537ec02474b5..., userDataDir: C:\Users\avina\AppData\Loca...}, goog:chromeOptions: {debuggerAddress: localhost:62025}, javascriptEnabled: true, networkConnectionEnabled: false, pageLoadStrategy: normal, platform: WINDOWS, platformName: WINDOWS, proxy: Proxy(), se:cdp: ws://localhost:62025/devtoo..., se:cdpVersion: 99.0.4844.82, setWindowRect: true, strictFileInteractability: false, timeouts: {implicit: 0, pageLoad: 300000, script: 30000}, unhandledPromptBehavior: dismiss and notify, webauthn:extension:credBlob: true, webauthn:extension:largeBlob: true, webauthn:virtualAuthenticators: true}
Session ID: 5871766a465bddec4024511e5fa2ea59]]>
            </message>
            <full-stacktrace>
              <![CDATA[org.openqa.selenium.NoSuchElementException: no such element: Unable to locate element: {"method":"xpath","selector":"//h3[text()='Gmail Google']"}
  (Session info: chrome=99.0.4844.82)
For documentation on this error, please visit: https://selenium.dev/exceptions/#no_such_element
Build info: version: '4.1.1', revision: 'e8fcc2cecf'
System info: host: 'LAPTOP-OITPML0G', ip: '192.168.42.46', os.name: 'Windows 10', os.arch: 'amd64', os.version: '10.0', java.version: '1.8.0_301'
Driver info: org.openqa.selenium.chrome.ChromeDriver
Command: [5871766a465bddec4024511e5fa2ea59, findElement {using=xpath, value=//h3[text()='Gmail Google']}]
Capabilities {acceptInsecureCerts: false, browserName: chrome, browserVersion: 99.0.4844.82, chrome: {chromedriverVersion: 99.0.4844.51 (d537ec02474b5..., userDataDir: C:\Users\avina\AppData\Loca...}, goog:chromeOptions: {debuggerAddress: localhost:62025}, javascriptEnabled: true, networkConnectionEnabled: false, pageLoadStrategy: normal, platform: WINDOWS, platformName: WINDOWS, proxy: Proxy(), se:cdp: ws://localhost:62025/devtoo..., se:cdpVersion: 99.0.4844.82, setWindowRect: true, strictFileInteractability: false, timeouts: {implicit: 0, pageLoad: 300000, script: 30000}, unhandledPromptBehavior: dismiss and notify, webauthn:extension:credBlob: true, webauthn:extension:largeBlob: true, webauthn:virtualAuthenticators: true}
Session ID: 5871766a465bddec4024511e5fa2ea59
at sun.reflect.NativeConstructorAccessorImpl.newInstance0(Native Method)
at sun.reflect.NativeConstructorAccessorImpl.newInstance(NativeConstructorAccessorImpl.java:62)
at sun.reflect.DelegatingConstructorAccessorImpl.newInstance(DelegatingConstructorAccessorImpl.java:45)
at java.lang.reflect.Constructor.newInstance(Constructor.java:423)
at org.openqa.selenium.remote.codec.w3c.W3CHttpResponseCodec.createException(W3CHttpResponseCodec.java:200)
at org.openqa.selenium.remote.codec.w3c.W3CHttpResponseCodec.decode(W3CHttpResponseCodec.java:133)
at org.openqa.selenium.remote.codec.w3c.W3CHttpResponseCodec.decode(W3CHttpResponseCodec.java:53)
at org.openqa.selenium.remote.HttpCommandExecutor.execute(HttpCommandExecutor.java:184)
at org.openqa.selenium.remote.service.DriverCommandExecutor.invokeExecute(DriverCommandExecutor.java:167)
at org.openqa.selenium.remote.service.DriverCommandExecutor.execute(DriverCommandExecutor.java:142)
at org.openqa.selenium.remote.RemoteWebDriver.execute(RemoteWebDriver.java:543)
at org.openqa.selenium.remote.ElementLocation$ElementFinder$2.findElement(ElementLocation.java:162)
at org.openqa.selenium.remote.ElementLocation.findElement(ElementLocation.java:60)
at org.openqa.selenium.remote.RemoteWebDriver.findElement(RemoteWebDriver.java:367)
at org.openqa.selenium.remote.RemoteWebDriver.findElement(RemoteWebDriver.java:359)
at org.openqa.selenium.support.pagefactory.DefaultElementLocator.findElement(DefaultElementLocator.java:70)
at org.openqa.selenium.support.pagefactory.internal.LocatingElementHandler.invoke(LocatingElementHandler.java:39)
at com.sun.proxy.$Proxy23.click(Unknown Source)
at pageActions.homePage_Actions.clickOnGmailHomeLink(homePage_Actions.java:25)
at stepDef.stepDef.i_should_able_to_click_on_link(stepDef.java:48)
at ✽.I should able to click on link "Gmail-Home"(file:///C:/Users/avina/bdd-workspace/com.selenium.BDD.project2/src/test/resource/FeatureFile/GoogleSearchFeature.feature:25)
]]>
            </full-stacktrace>
          </exception> <!-- org.openqa.selenium.NoSuchElementException -->
          <reporter-output>
          </reporter-output>
        </test-method> <!-- runScenario -->
        <test-method status="PASS" signature="tearDownClass()[pri:0, instance:runners.Runner_test@bd8db5a]" name="tearDownClass" is-config="true" duration-ms="1216" started-at="2022-03-25T13:31:20 IST" finished-at="2022-03-25T13:31:21 IST">
          <reporter-output>
          </reporter-output>
        </test-method> <!-- tearDownClass -->
      </class> <!-- runners.Runner_test -->
    </test> <!-- Surefire test -->
  </suite> <!-- Surefire suite -->
</testng-results>
