<?xml version="1.0" encoding="UTF-8"?>
<!-- Generated by org.testng.reporters.JUnitXMLReporter -->
<testsuite ignored="0" hostname="Avinashs-MacBook-Air.local" failures="0" tests="7" name="Test" time="10.413" errors="0" timestamp="2023-10-29T00:00:18 IST">
  <testcase classname="testng.sample.TestNGAnnotations" name="testCase1" time="0.007"/>
  <testcase classname="testng.sample.TestNGSampleTest" name="f" time="9.14"/>
  <testcase classname="testng.sample.TestNGPriority" name="c_method" time="0.001"/>
  <testcase classname="testng.sample.TestNGPriority" name="d_method" time="0.002"/>
  <testcase classname="testng.sample.TestNGPriority" name="prameterTestOne" time="0.001"/>
  <testcase classname="testng.sample.TestNGPriority" name="a_method" time="0.002"/>
  <testcase classname="testng.sample.TestNGPriority" name="b_method" time="0.003"/>
</testsuite> <!-- Test -->
